<?xml version="1.0" encoding="UTF-8"?>
<testsuite name="com.FitnessApp.FitnessApp.ApplicationTests" tests="1" skipped="0" failures="0" errors="0" timestamp="2023-05-29T08:50:01" hostname="TIDE-SOF-L0456.local" time="0.456">
  <properties/>
  <testcase name="contextLoads()" classname="com.FitnessApp.FitnessApp.ApplicationTests" time="0.456"/>
  <system-out><![CDATA[11:49:53.627 [Test worker] DEBUG org.springframework.test.context.BootstrapUtils - Instantiating CacheAwareContextLoaderDelegate from class [org.springframework.test.context.cache.DefaultCacheAwareContextLoaderDelegate]
11:49:53.642 [Test worker] DEBUG org.springframework.test.context.BootstrapUtils - Instantiating BootstrapContext using constructor [public org.springframework.test.context.support.DefaultBootstrapContext(java.lang.Class,org.springframework.test.context.CacheAwareContextLoaderDelegate)]
11:49:53.720 [Test worker] DEBUG org.springframework.test.context.BootstrapUtils - Instantiating TestContextBootstrapper for test class [com.FitnessApp.FitnessApp.ApplicationTests] from class [org.springframework.boot.test.context.SpringBootTestContextBootstrapper]
11:49:53.745 [Test worker] INFO org.springframework.boot.test.context.SpringBootTestContextBootstrapper - Neither @ContextConfiguration nor @ContextHierarchy found for test class [com.FitnessApp.FitnessApp.ApplicationTests], using SpringBootContextLoader
11:49:53.749 [Test worker] DEBUG org.springframework.test.context.support.AbstractContextLoader - Did not detect default resource location for test class [com.FitnessApp.FitnessApp.ApplicationTests]: class path resource [com/FitnessApp/FitnessApp/ApplicationTests-context.xml] does not exist
11:49:53.750 [Test worker] DEBUG org.springframework.test.context.support.AbstractContextLoader - Did not detect default resource location for test class [com.FitnessApp.FitnessApp.ApplicationTests]: class path resource [com/FitnessApp/FitnessApp/ApplicationTestsContext.groovy] does not exist
11:49:53.750 [Test worker] INFO org.springframework.test.context.support.AbstractContextLoader - Could not detect default resource locations for test class [com.FitnessApp.FitnessApp.ApplicationTests]: no resource found for suffixes {-context.xml, Context.groovy}.
11:49:53.750 [Test worker] INFO org.springframework.test.context.support.AnnotationConfigContextLoaderUtils - Could not detect default configuration classes for test class [com.FitnessApp.FitnessApp.ApplicationTests]: ApplicationTests does not declare any static, non-private, non-final, nested classes annotated with @Configuration.
11:49:53.803 [Test worker] DEBUG org.springframework.test.context.support.ActiveProfilesUtils - Could not find an 'annotation declaring class' for annotation type [org.springframework.test.context.ActiveProfiles] and class [com.FitnessApp.FitnessApp.ApplicationTests]
11:49:53.917 [Test worker] DEBUG org.springframework.context.annotation.ClassPathScanningCandidateComponentProvider - Identified candidate component class: file [/Users/georgi/Projects/FitnessApp/build/classes/java/main/com/FitnessApp/Application.class]
11:49:53.920 [Test worker] INFO org.springframework.boot.test.context.SpringBootTestContextBootstrapper - Found @SpringBootConfiguration com.FitnessApp.Application for test class com.FitnessApp.FitnessApp.ApplicationTests
11:49:54.012 [Test worker] DEBUG org.springframework.boot.test.context.SpringBootTestContextBootstrapper - @TestExecutionListeners is not present for class [com.FitnessApp.FitnessApp.ApplicationTests]: using defaults.
11:49:54.014 [Test worker] INFO org.springframework.boot.test.context.SpringBootTestContextBootstrapper - Loaded default TestExecutionListener class names from location [META-INF/spring.factories]: [org.springframework.boot.test.autoconfigure.restdocs.RestDocsTestExecutionListener, org.springframework.boot.test.autoconfigure.web.client.MockRestServiceServerResetTestExecutionListener, org.springframework.boot.test.autoconfigure.web.servlet.MockMvcPrintOnlyOnFailureTestExecutionListener, org.springframework.boot.test.autoconfigure.web.servlet.WebDriverTestExecutionListener, org.springframework.boot.test.autoconfigure.webservices.client.MockWebServiceServerTestExecutionListener, org.springframework.boot.test.mock.mockito.MockitoTestExecutionListener, org.springframework.boot.test.mock.mockito.ResetMocksTestExecutionListener, org.springframework.test.context.web.ServletTestExecutionListener, org.springframework.test.context.support.DirtiesContextBeforeModesTestExecutionListener, org.springframework.test.context.event.ApplicationEventsTestExecutionListener, org.springframework.test.context.support.DependencyInjectionTestExecutionListener, org.springframework.test.context.support.DirtiesContextTestExecutionListener, org.springframework.test.context.transaction.TransactionalTestExecutionListener, org.springframework.test.context.jdbc.SqlScriptsTestExecutionListener, org.springframework.test.context.event.EventPublishingTestExecutionListener]
11:49:54.026 [Test worker] INFO org.springframework.boot.test.context.SpringBootTestContextBootstrapper - Using TestExecutionListeners: [org.springframework.test.context.web.ServletTestExecutionListener@47db5fa5, org.springframework.test.context.support.DirtiesContextBeforeModesTestExecutionListener@354fc8f0, org.springframework.test.context.event.ApplicationEventsTestExecutionListener@41813449, org.springframework.boot.test.mock.mockito.MockitoTestExecutionListener@4678a2eb, org.springframework.boot.test.autoconfigure.SpringBootDependencyInjectionTestExecutionListener@5b43fbf6, org.springframework.test.context.support.DirtiesContextTestExecutionListener@1080b026, org.springframework.test.context.transaction.TransactionalTestExecutionListener@58ebfd03, org.springframework.test.context.jdbc.SqlScriptsTestExecutionListener@5b07730f, org.springframework.test.context.event.EventPublishingTestExecutionListener@1fdfafd2, org.springframework.boot.test.autoconfigure.restdocs.RestDocsTestExecutionListener@a4b2d8f, org.springframework.boot.test.autoconfigure.web.client.MockRestServiceServerResetTestExecutionListener@dcfda20, org.springframework.boot.test.autoconfigure.web.servlet.MockMvcPrintOnlyOnFailureTestExecutionListener@6d304f9d, org.springframework.boot.test.autoconfigure.web.servlet.WebDriverTestExecutionListener@f73dcd6, org.springframework.boot.test.autoconfigure.webservices.client.MockWebServiceServerTestExecutionListener@5c87bfe2, org.springframework.boot.test.mock.mockito.ResetMocksTestExecutionListener@2fea7088]
11:49:54.029 [Test worker] DEBUG org.springframework.test.context.support.AbstractDirtiesContextTestExecutionListener - Before test class: context [DefaultTestContext@666b83a4 testClass = ApplicationTests, testInstance = [null], testMethod = [null], testException = [null], mergedContextConfiguration = [WebMergedContextConfiguration@749c877b testClass = ApplicationTests, locations = '{}', classes = '{class com.FitnessApp.Application}', contextInitializerClasses = '[]', activeProfiles = '{}', propertySourceLocations = '{}', propertySourceProperties = '{org.springframework.boot.test.context.SpringBootTestContextBootstrapper=true}', contextCustomizers = set[org.springframework.boot.test.autoconfigure.actuate.metrics.MetricsExportContextCustomizerFactory$DisableMetricExportContextCustomizer@60410cd, org.springframework.boot.test.autoconfigure.properties.PropertyMappingContextCustomizer@0, org.springframework.boot.test.autoconfigure.web.servlet.WebDriverContextCustomizerFactory$Customizer@4671115f, org.springframework.boot.test.context.filter.ExcludeFilterContextCustomizer@36060e, org.springframework.boot.test.json.DuplicateJsonObjectContextCustomizerFactory$DuplicateJsonObjectContextCustomizer@be68757, org.springframework.boot.test.mock.mockito.MockitoContextCustomizer@0, org.springframework.boot.test.web.client.TestRestTemplateContextCustomizer@7164ca4c, org.springframework.boot.test.context.SpringBootTestArgs@1, org.springframework.boot.test.context.SpringBootTestWebEnvironment@f79e], resourceBasePath = 'src/main/webapp', contextLoader = 'org.springframework.boot.test.context.SpringBootContextLoader', parent = [null]], attributes = map['org.springframework.test.context.web.ServletTestExecutionListener.activateListener' -> true]], class annotated with @DirtiesContext [false] with mode [null].

  .   ____          _            __ _ _
 /\\ / ___'_ __ _ _(_)_ __  __ _ \ \ \ \
( ( )\___ | '_ | '_| | '_ \/ _` | \ \ \ \
 \\/  ___)| |_)| | | | | || (_| |  ) ) ) )
  '  |____| .__|_| |_|_| |_\__, | / / / /
 =========|_|==============|___/=/_/_/_/
 :: Spring Boot ::               (v2.7.10)

2023-05-29 11:49:54.559  INFO 31338 --- [    Test worker] c.F.FitnessApp.ApplicationTests          : Starting ApplicationTests using Java 17.0.5 on TIDE-SOF-L0456.local with PID 31338 (started by georgi in /Users/georgi/Projects/FitnessApp)
2023-05-29 11:49:54.562  INFO 31338 --- [    Test worker] c.F.FitnessApp.ApplicationTests          : No active profile set, falling back to 1 default profile: "default"
2023-05-29 11:49:57.709  INFO 31338 --- [    Test worker] com.zaxxer.hikari.HikariDataSource       : HikariPool-1 - Starting...
2023-05-29 11:49:57.818  INFO 31338 --- [    Test worker] com.zaxxer.hikari.HikariDataSource       : HikariPool-1 - Start completed.
2023-05-29 11:49:58.094  INFO 31338 --- [    Test worker] liquibase.database                       : Set default schema name to public
2023-05-29 11:49:58.267  INFO 31338 --- [    Test worker] liquibase.lockservice                    : Successfully acquired change log lock
2023-05-29 11:49:58.931  INFO 31338 --- [    Test worker] liquibase.changelog                      : Reading from public.databasechangelog
2023-05-29 11:49:59.065  INFO 31338 --- [    Test worker] liquibase.lockservice                    : Successfully released change log lock
2023-05-29 11:50:00.202  INFO 31338 --- [    Test worker] o.s.b.a.w.s.WelcomePageHandlerMapping    : Adding welcome page: class path resource [static/index.html]
2023-05-29 11:50:01.179  INFO 31338 --- [    Test worker] c.F.FitnessApp.ApplicationTests          : Started ApplicationTests in 7.091 seconds (JVM running for 9.004)
]]></system-out>
  <system-err><![CDATA[]]></system-err>
</testsuite>
